<?xml version="1.0" encoding="UTF-8"?>
<!-- Generated by org.testng.reporters.JUnitXMLReporter -->
<testsuite ignored="0" hostname="DT-Santhosh" failures="0" tests="4" name="Default test" time="144.802" errors="0" timestamp="2026-01-03T10:26:29 IST">
  <testcase classname="com.projectname.tests.LoginTest" name="verifyLogin" time="20.443"/>
  <testcase classname="com.projectname.tests.LoginTest" name="verifyLogin" time="30.654"/>
  <testcase classname="com.projectname.tests.LoginTest" name="verifyLogin" time="30.73"/>
  <testcase classname="com.projectname.tests.LoginTest" name="verifyLogin" time="30.7"/>
</testsuite> <!-- Default test -->
