<?xml version="1.0" encoding="UTF-8"?>
<!-- Generated by org.testng.reporters.JUnitReportReporter -->
<testsuite hostname="DT-Santhosh" failures="0" tests="4" name="com.projectname.tests.LoginTest" time="143.565" errors="0" timestamp="2026-01-03T10:26:30 IST" skipped="0">
  <testcase classname="com.projectname.tests.LoginTest" name="verifyLogin" time="37.688"/>
  <testcase classname="com.projectname.tests.LoginTest" name="verifyLogin" time="40.540"/>
  <testcase classname="com.projectname.tests.LoginTest" name="verifyLogin" time="27.493"/>
  <testcase classname="com.projectname.tests.LoginTest" name="verifyLogin" time="37.844"/>
</testsuite> <!-- com.projectname.tests.LoginTest -->
